[debug] [2023-03-12T12:27:21.037Z] ----------------------------------------------------------------------
[debug] [2023-03-12T12:27:21.043Z] Command:       C:\Program Files\nodejs\node.exe C:\Users\vishnu\AppData\Roaming\npm\node_modules\firebase-tools\lib\bin\firebase.js deploy
[debug] [2023-03-12T12:27:21.044Z] CLI Version:   11.19.0
[debug] [2023-03-12T12:27:21.044Z] Platform:      win32
[debug] [2023-03-12T12:27:21.044Z] Node Version:  v16.15.1
[debug] [2023-03-12T12:27:21.056Z] Time:          Sun Mar 12 2023 17:57:21 GMT+0530 (India Standard Time)
[debug] [2023-03-12T12:27:21.057Z] ----------------------------------------------------------------------
[debug] 
[debug] [2023-03-12T12:27:21.065Z] >>> [apiv2][query] GET https://firebase-public.firebaseio.com/cli.json [none]
[debug] [2023-03-12T12:27:21.347Z] > command requires scopes: ["email","openid","https://www.googleapis.com/auth/cloudplatformprojects.readonly","https://www.googleapis.com/auth/firebase","https://www.googleapis.com/auth/cloud-platform"]
[debug] [2023-03-12T12:27:21.348Z] > authorizing via signed-in user (vishnukp95075@gmail.com)
[debug] [2023-03-12T12:27:21.349Z] [iam] checking project welearn-78cd8 for permissions ["firebase.projects.get","firebasehosting.sites.update"]
[debug] [2023-03-12T12:27:21.352Z] > refreshing access token with scopes: []
[debug] [2023-03-12T12:27:21.355Z] >>> [apiv2][query] POST https://www.googleapis.com/oauth2/v3/token [none]
[debug] [2023-03-12T12:27:21.355Z] >>> [apiv2][body] POST https://www.googleapis.com/oauth2/v3/token [omitted]
[warn] !  Unable to fetch the CLI MOTD and remote config. 
[debug] [2023-03-12T12:27:21.377Z] Failed to fetch MOTD FirebaseError: Failed to make request to https://firebase-public.firebaseio.com/cli.json
[debug] [2023-03-12T12:27:21.380Z] [iam] error while checking permissions, command may fail: FirebaseError: Authentication Error: Your credentials are no longer valid. Please run firebase login --reauth

For CI servers and headless environments, generate a new token with firebase login:ci
[debug] [2023-03-12T12:27:21.381Z] > refreshing access token with scopes: []
[debug] [2023-03-12T12:27:21.383Z] >>> [apiv2][query] POST https://www.googleapis.com/oauth2/v3/token [none]
[debug] [2023-03-12T12:27:21.383Z] >>> [apiv2][body] POST https://www.googleapis.com/oauth2/v3/token [omitted]
[debug] [2023-03-12T12:27:21.395Z] Authentication Error: Your credentials are no longer valid. Please run firebase login --reauth

For CI servers and headless environments, generate a new token with firebase login:ci
[debug] [2023-03-12T12:27:21.444Z] FirebaseError: Authentication Error: Your credentials are no longer valid. Please run firebase login --reauth

For CI servers and headless environments, generate a new token with firebase login:ci
    at invalidCredentialError (C:\Users\vishnu\AppData\Roaming\npm\node_modules\firebase-tools\lib\auth.js:144:12)
    at refreshTokens (C:\Users\vishnu\AppData\Roaming\npm\node_modules\firebase-tools\lib\auth.js:508:15)
    at processTicksAndRejections (node:internal/process/task_queues:96:5)
    at async Client.getAccessToken (C:\Users\vishnu\AppData\Roaming\npm\node_modules\firebase-tools\lib\apiv2.js:149:23)
    at async Client.addAuthHeader (C:\Users\vishnu\AppData\Roaming\npm\node_modules\firebase-tools\lib\apiv2.js:140:21)
    at async Client.request (C:\Users\vishnu\AppData\Roaming\npm\node_modules\firebase-tools\lib\apiv2.js:96:34)
    at async getFirebaseProject (C:\Users\vishnu\AppData\Roaming\npm\node_modules\firebase-tools\lib\management\projects.js:295:21)
    at async getDefaultHostingSite (C:\Users\vishnu\AppData\Roaming\npm\node_modules\firebase-tools\lib\getDefaultHostingSite.js:8:21)
    at async requireHostingSite (C:\Users\vishnu\AppData\Roaming\npm\node_modules\firebase-tools\lib\requireHostingSite.js:9:18)
    at async Object.fn (C:\Users\vishnu\AppData\Roaming\npm\node_modules\firebase-tools\lib\commands\deploy.js:74:9)
    at async C:\Users\vishnu\AppData\Roaming\npm\node_modules\firebase-tools\lib\command.js:214:17
[error] 
[error] Error: Failed to get Firebase project welearn-78cd8. Please make sure the project exists and your account has permission to access it.
